<?xml version="1.0" encoding="UTF-8"?>
<coverage generated="1605035720672" clover="3.2.0">
  <project timestamp="1605035720673" name="All files">
    <metrics statements="12" coveredstatements="7" conditionals="3" coveredconditionals="2" methods="6" coveredmethods="3" elements="21" coveredelements="12" complexity="0" loc="12" ncloc="12" packages="1" files="1" classes="1"/>
    <file name="index.js" path="C:\Users\alexa\Desktop\Epicodus\plant-app\index.js">
      <metrics statements="12" coveredstatements="7" conditionals="3" coveredconditionals="2" methods="6" coveredmethods="3"/>
      <line num="1" count="1" type="stmt"/>
      <line num="2" count="0" type="stmt"/>
      <line num="3" count="0" type="cond" truecount="0" falsecount="1"/>
      <line num="4" count="0" type="stmt"/>
      <line num="5" count="0" type="stmt"/>
      <line num="6" count="0" type="stmt"/>
      <line num="10" count="1" type="stmt"/>
      <line num="11" count="3" type="stmt"/>
      <line num="12" count="3" type="stmt"/>
      <line num="19" count="1" type="stmt"/>
      <line num="20" count="1" type="stmt"/>
      <line num="21" count="1" type="stmt"/>
    </file>
  </project>
</coverage>
