{"C:\\Users\\alexa\\Desktop\\Epicodus\\plant-app\\index.js": {"path":"C:\\Users\\alexa\\Desktop\\Epicodus\\plant-app\\index.js","statementMap":{"0":{"start":{"line":1,"column":19},"end":{"line":8,"column":1}},"1":{"start":{"line":2,"column":21},"end":{"line":2,"column":23}},"2":{"start":{"line":3,"column":2},"end":{"line":7,"column":4}},"3":{"start":{"line":3,"column":43},"end":{"line":3,"column":48}},"4":{"start":{"line":4,"column":21},"end":{"line":4,"column":54}},"5":{"start":{"line":5,"column":4},"end":{"line":5,"column":35}},"6":{"start":{"line":6,"column":4},"end":{"line":6,"column":20}},"7":{"start":{"line":10,"column":27},"end":{"line":17,"column":1}},"8":{"start":{"line":11,"column":2},"end":{"line":16,"column":4}},"9":{"start":{"line":12,"column":4},"end":{"line":15,"column":7}},"10":{"start":{"line":12,"column":23},"end":{"line":15,"column":5}},"11":{"start":{"line":19,"column":20},"end":{"line":19,"column":39}},"12":{"start":{"line":20,"column":23},"end":{"line":20,"column":43}},"13":{"start":{"line":21,"column":25},"end":{"line":21,"column":45}}},"fnMap":{"0":{"name":"(anonymous_0)","decl":{"start":{"line":1,"column":19},"end":{"line":1,"column":20}},"loc":{"start":{"line":1,"column":25},"end":{"line":8,"column":1}},"line":1},"1":{"name":"(anonymous_1)","decl":{"start":{"line":3,"column":9},"end":{"line":3,"column":10}},"loc":{"start":{"line":3,"column":53},"end":{"line":7,"column":3}},"line":3},"2":{"name":"(anonymous_2)","decl":{"start":{"line":3,"column":32},"end":{"line":3,"column":33}},"loc":{"start":{"line":3,"column":43},"end":{"line":3,"column":48}},"line":3},"3":{"name":"(anonymous_3)","decl":{"start":{"line":10,"column":27},"end":{"line":10,"column":28}},"loc":{"start":{"line":10,"column":37},"end":{"line":17,"column":1}},"line":10},"4":{"name":"(anonymous_4)","decl":{"start":{"line":11,"column":9},"end":{"line":11,"column":10}},"loc":{"start":{"line":11,"column":20},"end":{"line":16,"column":3}},"line":11},"5":{"name":"(anonymous_5)","decl":{"start":{"line":12,"column":11},"end":{"line":12,"column":12}},"loc":{"start":{"line":12,"column":23},"end":{"line":15,"column":5}},"line":12}},"branchMap":{"0":{"loc":{"start":{"line":3,"column":10},"end":{"line":3,"column":48}},"type":"default-arg","locations":[{"start":{"line":3,"column":32},"end":{"line":3,"column":48}}],"line":3},"1":{"loc":{"start":{"line":14,"column":15},"end":{"line":14,"column":31}},"type":"binary-expr","locations":[{"start":{"line":14,"column":15},"end":{"line":14,"column":26}},{"start":{"line":14,"column":30},"end":{"line":14,"column":31}}],"line":14}},"s":{"0":1,"1":0,"2":0,"3":0,"4":0,"5":0,"6":0,"7":1,"8":3,"9":3,"10":3,"11":1,"12":1,"13":1},"f":{"0":0,"1":0,"2":0,"3":3,"4":3,"5":3},"b":{"0":[0],"1":[3,3]},"_coverageSchema":"43e27e138ebf9cfc5966b082cf9a028302ed4184","hash":"2dd88cd1bcdd9024826a7138a4d85e81f16837f8"}
}
